{
  error: {
    statusCode: 500,
    status: 'error',
    message: "Cannot read properties of undefined (reading 'length')"
  },
  stack: undefined,
  level: 'error',
  message: 'Something went wrong',
  timestamp: '2024-10-21T21:56:05.290Z'
}
{
  error: { statusCode: 500, status: 'error', message: 'item is not defined' },
  stack: undefined,
  level: 'error',
  message: 'Something went wrong',
  timestamp: '2024-10-21T21:56:56.011Z'
}
{
  error: {
    statusCode: 500,
    status: 'error',
    message: "Cannot read properties of undefined (reading 'quantity')"
  },
  stack: undefined,
  level: 'error',
  message: 'Something went wrong',
  timestamp: '2024-10-21T22:05:46.384Z'
}
{
  error: {
    statusCode: 500,
    status: 'error',
    message: "Cannot read properties of undefined (reading 'data')"
  },
  stack: undefined,
  level: 'error',
  message: 'Something went wrong',
  timestamp: '2024-10-21T22:19:08.886Z'
}
{
  error: {
    statusCode: 500,
    status: 'error',
    message: "Cannot read properties of undefined (reading 'data')"
  },
  stack: undefined,
  level: 'error',
  message: 'Something went wrong',
  timestamp: '2024-10-21T22:20:58.350Z'
}
{
  error: {
    statusCode: 500,
    status: 'error',
    message: "Cannot read properties of undefined (reading 'data')"
  },
  stack: undefined,
  level: 'error',
  message: 'Something went wrong',
  timestamp: '2024-10-21T22:21:03.713Z'
}
